c:\users\9200\desktop\work\p2p\pjsip\pjproject-2.3\pjproject-2.3\pjsip\build\output\pjsua2_lib--win32-vc8-debug\pjsua2_lib.bsc
c:\users\9200\desktop\work\p2p\pjsip\pjproject-2.3\pjproject-2.3\pjsip\build\output\pjsua2_lib--win32-vc8-debug\vc120.pdb
c:\users\9200\desktop\work\p2p\pjsip\pjproject-2.3\pjproject-2.3\pjsip\build\output\pjsua2_lib--win32-vc8-debug\vc120.idb
c:\users\9200\desktop\work\p2p\pjsip\pjproject-2.3\pjproject-2.3\pjsip\build\output\pjsua2_lib--win32-vc8-debug\account.sbr
c:\users\9200\desktop\work\p2p\pjsip\pjproject-2.3\pjproject-2.3\pjsip\build\output\pjsua2_lib--win32-vc8-debug\call.sbr
c:\users\9200\desktop\work\p2p\pjsip\pjproject-2.3\pjproject-2.3\pjsip\build\output\pjsua2_lib--win32-vc8-debug\endpoint.sbr
c:\users\9200\desktop\work\p2p\pjsip\pjproject-2.3\pjproject-2.3\pjsip\build\output\pjsua2_lib--win32-vc8-debug\json.sbr
c:\users\9200\desktop\work\p2p\pjsip\pjproject-2.3\pjproject-2.3\pjsip\build\output\pjsua2_lib--win32-vc8-debug\media.sbr
c:\users\9200\desktop\work\p2p\pjsip\pjproject-2.3\pjproject-2.3\pjsip\build\output\pjsua2_lib--win32-vc8-debug\persistent.sbr
c:\users\9200\desktop\work\p2p\pjsip\pjproject-2.3\pjproject-2.3\pjsip\build\output\pjsua2_lib--win32-vc8-debug\presence.sbr
c:\users\9200\desktop\work\p2p\pjsip\pjproject-2.3\pjproject-2.3\pjsip\build\output\pjsua2_lib--win32-vc8-debug\siptypes.sbr
c:\users\9200\desktop\work\p2p\pjsip\pjproject-2.3\pjproject-2.3\pjsip\build\output\pjsua2_lib--win32-vc8-debug\types.sbr
c:\users\9200\desktop\work\p2p\pjsip\pjproject-2.3\pjproject-2.3\pjsip\build\output\pjsua2_lib--win32-vc8-debug\types.obj
c:\users\9200\desktop\work\p2p\pjsip\pjproject-2.3\pjproject-2.3\pjsip\build\output\pjsua2_lib--win32-vc8-debug\siptypes.obj
c:\users\9200\desktop\work\p2p\pjsip\pjproject-2.3\pjproject-2.3\pjsip\build\output\pjsua2_lib--win32-vc8-debug\presence.obj
c:\users\9200\desktop\work\p2p\pjsip\pjproject-2.3\pjproject-2.3\pjsip\build\output\pjsua2_lib--win32-vc8-debug\persistent.obj
c:\users\9200\desktop\work\p2p\pjsip\pjproject-2.3\pjproject-2.3\pjsip\build\output\pjsua2_lib--win32-vc8-debug\media.obj
c:\users\9200\desktop\work\p2p\pjsip\pjproject-2.3\pjproject-2.3\pjsip\build\output\pjsua2_lib--win32-vc8-debug\json.obj
c:\users\9200\desktop\work\p2p\pjsip\pjproject-2.3\pjproject-2.3\pjsip\build\output\pjsua2_lib--win32-vc8-debug\endpoint.obj
c:\users\9200\desktop\work\p2p\pjsip\pjproject-2.3\pjproject-2.3\pjsip\build\output\pjsua2_lib--win32-vc8-debug\call.obj
c:\users\9200\desktop\work\p2p\pjsip\pjproject-2.3\pjproject-2.3\pjsip\build\output\pjsua2_lib--win32-vc8-debug\account.obj
c:\users\9200\desktop\work\p2p\pjsip\pjproject-2.3\pjproject-2.3\pjsip\lib\pjsua2-lib-i386-win32-vc8-debug.lib
c:\users\9200\desktop\work\p2p\pjsip\pjproject-2.3\pjproject-2.3\pjsip\build\output\pjsua2_lib--win32-vc8-debug\pjsua2_lib.tlog\bscmake.command.1.tlog
c:\users\9200\desktop\work\p2p\pjsip\pjproject-2.3\pjproject-2.3\pjsip\build\output\pjsua2_lib--win32-vc8-debug\pjsua2_lib.tlog\bscmake.read.1.tlog
c:\users\9200\desktop\work\p2p\pjsip\pjproject-2.3\pjproject-2.3\pjsip\build\output\pjsua2_lib--win32-vc8-debug\pjsua2_lib.tlog\bscmake.write.1.tlog
c:\users\9200\desktop\work\p2p\pjsip\pjproject-2.3\pjproject-2.3\pjsip\build\output\pjsua2_lib--win32-vc8-debug\pjsua2_lib.tlog\cl.command.1.tlog
c:\users\9200\desktop\work\p2p\pjsip\pjproject-2.3\pjproject-2.3\pjsip\build\output\pjsua2_lib--win32-vc8-debug\pjsua2_lib.tlog\cl.read.1.tlog
c:\users\9200\desktop\work\p2p\pjsip\pjproject-2.3\pjproject-2.3\pjsip\build\output\pjsua2_lib--win32-vc8-debug\pjsua2_lib.tlog\cl.write.1.tlog
c:\users\9200\desktop\work\p2p\pjsip\pjproject-2.3\pjproject-2.3\pjsip\build\output\pjsua2_lib--win32-vc8-debug\pjsua2_lib.tlog\lib-link.read.1.tlog
c:\users\9200\desktop\work\p2p\pjsip\pjproject-2.3\pjproject-2.3\pjsip\build\output\pjsua2_lib--win32-vc8-debug\pjsua2_lib.tlog\lib-link.write.1.tlog
c:\users\9200\desktop\work\p2p\pjsip\pjproject-2.3\pjproject-2.3\pjsip\build\output\pjsua2_lib--win32-vc8-debug\pjsua2_lib.tlog\lib.command.1.tlog
