已經開始建置於 2015/3/24 上午 11:57:06。
     1>節點 5 (Rebuild 目標) 上的專案 "C:\Users\9200\Desktop\WORK\P2P\pjsip\pjproject-2.3\pjproject-2.3\pjsip\build\pjsip_core.vcxproj"。
     1>ClCompile:
         C:\Program Files (x86)\Microsoft Visual Studio 12.0\VC\bin\CL.exe /c /I../include /I../../pjlib/include /I"../../pjlib-util/include" /ZI /nologo /W4 /WX- /Od /Oy- /D _LIB /D WIN32 /D PJ_WIN32=1 /D PJ_M_I386=1 /D _DEBUG /D DEBUG /D _MBCS /Gm- /EHsc /MTd /GS /fp:precise /Zc:wchar_t /Zc:forScope /Fo".\output\pjsip_core--Win32-vc8-Debug\\" /Fd".\output\pjsip_core--Win32-vc8-Debug\\vc120.pdb" /FR".\output\pjsip_core--Win32-vc8-Debug\\" /Gd /TC /analyze- /errorReport:prompt ..\src\pjsip\sip_auth_aka.c ..\src\pjsip\sip_auth_client.c ..\src\pjsip\sip_auth_msg.c ..\src\pjsip\sip_auth_parser.c ..\src\pjsip\sip_auth_server.c ..\src\pjsip\sip_config.c ..\src\pjsip\sip_dialog.c ..\src\pjsip\sip_endpoint.c ..\src\pjsip\sip_errno.c ..\src\pjsip\sip_msg.c ..\src\pjsip\sip_multipart.c ..\src\pjsip\sip_parser.c ..\src\pjsip\sip_resolve.c ..\src\pjsip\sip_tel_uri.c ..\src\pjsip\sip_transaction.c ..\src\pjsip\sip_transport.c ..\src\pjsip\sip_transport_loop.c ..\src\pjsip\sip_transport_tcp.c ..\src\pjsip\sip_transport_tls.c ..\src\pjsip\sip_transport_udp.c ..\src\pjsip\sip_ua_layer.c ..\src\pjsip\sip_uri.c ..\src\pjsip\sip_util.c ..\src\pjsip\sip_util_proxy.c ..\src\pjsip\sip_util_statefull.c
         sip_auth_aka.c
         sip_auth_client.c
     1>c:\users\9200\desktop\work\p2p\pjsip\pjproject-2.3\pjproject-2.3\pjsip\src\pjsip\sip_auth_client.c(533): warning C4102: 'TODO___FULL_CLONE_OF_AUTH_CLIENT_SESSION' : 未參考的標籤
         sip_auth_msg.c
         sip_auth_parser.c
         sip_auth_server.c
         sip_config.c
         sip_dialog.c
     1>c:\users\9200\desktop\work\p2p\pjsip\pjproject-2.3\pjproject-2.3\pjsip\src\pjsip\sip_dialog.c(537): warning C4102: 'TODO___DIALOG_APP_TIMER' : 未參考的標籤
         sip_endpoint.c
         sip_errno.c
         sip_msg.c
         sip_multipart.c
         sip_parser.c
         sip_resolve.c
     1>c:\users\9200\desktop\work\p2p\pjsip\pjproject-2.3\pjproject-2.3\pjsip\src\pjsip\sip_resolve.c(326): warning C4102: 'TODO___SUPPORT_DNS_NAPTR' : 未參考的標籤
         sip_tel_uri.c
         sip_transaction.c
         sip_transport.c
         sip_transport_loop.c
         sip_transport_tcp.c
         sip_transport_tls.c
         sip_transport_udp.c
         正在產生程式碼...
         正在編譯...
         sip_ua_layer.c
         sip_uri.c
         sip_util.c
     1>c:\users\9200\desktop\work\p2p\pjsip\pjproject-2.3\pjproject-2.3\pjsip\src\pjsip\sip_util.c(868): warning C4102: 'TODO___SUPPORT_REQUEST_ADDR_RESOLUTION_FOR_TEL_URI' : 未參考的標籤
         sip_util_proxy.c
         sip_util_statefull.c
         正在產生程式碼...
     1>C:\Program Files (x86)\MSBuild\Microsoft.Cpp\v4.0\V120\Microsoft.CppBuild.targets(1361,5): warning MSB8012: TargetPath(C:\Users\9200\Desktop\WORK\P2P\pjsip\pjproject-2.3\pjproject-2.3\pjsip\build\.\output\pjsip_core--Win32-vc8-Debug\pjsip_core.lib) does not match the Library's OutputFile property value (C:\Users\9200\Desktop\WORK\P2P\pjsip\pjproject-2.3\pjproject-2.3\pjsip\lib\pjsip-core-i386-Win32-vc8-Debug.lib). This may cause your project to build incorrectly. To correct this, please make sure that $(OutDir), $(TargetName) and $(TargetExt) property values match the value specified in %(Lib.OutputFile).
     1>C:\Program Files (x86)\MSBuild\Microsoft.Cpp\v4.0\V120\Microsoft.CppBuild.targets(1363,5): warning MSB8012: TargetName(pjsip_core) does not match the Library's OutputFile property value (pjsip-core-i386-Win32-vc8-Debug). This may cause your project to build incorrectly. To correct this, please make sure that $(OutDir), $(TargetName) and $(TargetExt) property values match the value specified in %(Lib.OutputFile).
       Lib:
         C:\Program Files (x86)\Microsoft Visual Studio 12.0\VC\bin\Lib.exe /OUT:"..\lib\pjsip-core-i386-Win32-vc8-Debug.lib" /NOLOGO ".\output\pjsip_core--Win32-vc8-Debug\\sip_auth_aka.obj"
         ".\output\pjsip_core--Win32-vc8-Debug\\sip_auth_client.obj"
         ".\output\pjsip_core--Win32-vc8-Debug\\sip_auth_msg.obj"
         ".\output\pjsip_core--Win32-vc8-Debug\\sip_auth_parser.obj"
         ".\output\pjsip_core--Win32-vc8-Debug\\sip_auth_server.obj"
         ".\output\pjsip_core--Win32-vc8-Debug\\sip_config.obj"
         ".\output\pjsip_core--Win32-vc8-Debug\\sip_dialog.obj"
         ".\output\pjsip_core--Win32-vc8-Debug\\sip_endpoint.obj"
         ".\output\pjsip_core--Win32-vc8-Debug\\sip_errno.obj"
         ".\output\pjsip_core--Win32-vc8-Debug\\sip_msg.obj"
         ".\output\pjsip_core--Win32-vc8-Debug\\sip_multipart.obj"
         ".\output\pjsip_core--Win32-vc8-Debug\\sip_parser.obj"
         ".\output\pjsip_core--Win32-vc8-Debug\\sip_resolve.obj"
         ".\output\pjsip_core--Win32-vc8-Debug\\sip_tel_uri.obj"
         ".\output\pjsip_core--Win32-vc8-Debug\\sip_transaction.obj"
         ".\output\pjsip_core--Win32-vc8-Debug\\sip_transport.obj"
         ".\output\pjsip_core--Win32-vc8-Debug\\sip_transport_loop.obj"
         ".\output\pjsip_core--Win32-vc8-Debug\\sip_transport_tcp.obj"
         ".\output\pjsip_core--Win32-vc8-Debug\\sip_transport_tls.obj"
         ".\output\pjsip_core--Win32-vc8-Debug\\sip_transport_udp.obj"
         ".\output\pjsip_core--Win32-vc8-Debug\\sip_ua_layer.obj"
         ".\output\pjsip_core--Win32-vc8-Debug\\sip_uri.obj"
         ".\output\pjsip_core--Win32-vc8-Debug\\sip_util.obj"
         ".\output\pjsip_core--Win32-vc8-Debug\\sip_util_proxy.obj"
         ".\output\pjsip_core--Win32-vc8-Debug\\sip_util_statefull.obj"
         pjsip_core.vcxproj -> C:\Users\9200\Desktop\WORK\P2P\pjsip\pjproject-2.3\pjproject-2.3\pjsip\build\.\output\pjsip_core--Win32-vc8-Debug\pjsip_core.lib
       BscMake:
         C:\Program Files (x86)\Microsoft Visual Studio 12.0\VC\bin\bscmake.exe /nologo /o".\output\pjsip_core--Win32-vc8-Debug\pjsip_core.bsc" ".\output\pjsip_core--Win32-vc8-Debug\\sip_auth_aka.sbr" ".\output\pjsip_core--Win32-vc8-Debug\\sip_auth_client.sbr" ".\output\pjsip_core--Win32-vc8-Debug\\sip_auth_msg.sbr" ".\output\pjsip_core--Win32-vc8-Debug\\sip_auth_parser.sbr" ".\output\pjsip_core--Win32-vc8-Debug\\sip_auth_server.sbr" ".\output\pjsip_core--Win32-vc8-Debug\\sip_config.sbr" ".\output\pjsip_core--Win32-vc8-Debug\\sip_dialog.sbr" ".\output\pjsip_core--Win32-vc8-Debug\\sip_endpoint.sbr" ".\output\pjsip_core--Win32-vc8-Debug\\sip_errno.sbr" ".\output\pjsip_core--Win32-vc8-Debug\\sip_msg.sbr" ".\output\pjsip_core--Win32-vc8-Debug\\sip_multipart.sbr" ".\output\pjsip_core--Win32-vc8-Debug\\sip_parser.sbr" ".\output\pjsip_core--Win32-vc8-Debug\\sip_resolve.sbr" ".\output\pjsip_core--Win32-vc8-Debug\\sip_tel_uri.sbr" ".\output\pjsip_core--Win32-vc8-Debug\\sip_transaction.sbr" ".\output\pjsip_core--Win32-vc8-Debug\\sip_transport.sbr" ".\output\pjsip_core--Win32-vc8-Debug\\sip_transport_loop.sbr" ".\output\pjsip_core--Win32-vc8-Debug\\sip_transport_tcp.sbr" ".\output\pjsip_core--Win32-vc8-Debug\\sip_transport_tls.sbr" ".\output\pjsip_core--Win32-vc8-Debug\\sip_transport_udp.sbr" ".\output\pjsip_core--Win32-vc8-Debug\\sip_ua_layer.sbr" ".\output\pjsip_core--Win32-vc8-Debug\\sip_uri.sbr" ".\output\pjsip_core--Win32-vc8-Debug\\sip_util.sbr" ".\output\pjsip_core--Win32-vc8-Debug\\sip_util_proxy.sbr" ".\output\pjsip_core--Win32-vc8-Debug\\sip_util_statefull.sbr"
     1>專案 "C:\Users\9200\Desktop\WORK\P2P\pjsip\pjproject-2.3\pjproject-2.3\pjsip\build\pjsip_core.vcxproj" (Rebuild 目標) 建置完成。

建置成功。

經過時間 00:00:03.62
