c:\users\9200\desktop\work\p2p\pjsip\pjproject-2.3\pjproject-2.3\pjmedia\build\output\pjmedia_codec--win32-vc8-debug\pjmedia_codec.bsc
c:\users\9200\desktop\work\p2p\pjsip\pjproject-2.3\pjproject-2.3\pjmedia\build\output\pjmedia_codec--win32-vc8-debug\vc120.pdb
c:\users\9200\desktop\work\p2p\pjsip\pjproject-2.3\pjproject-2.3\pjmedia\build\output\pjmedia_codec--win32-vc8-debug\vc120.idb
c:\users\9200\desktop\work\p2p\pjsip\pjproject-2.3\pjproject-2.3\pjmedia\build\output\pjmedia_codec--win32-vc8-debug\amr_sdp_match.sbr
c:\users\9200\desktop\work\p2p\pjsip\pjproject-2.3\pjproject-2.3\pjmedia\build\output\pjmedia_codec--win32-vc8-debug\audio_codecs.sbr
c:\users\9200\desktop\work\p2p\pjsip\pjproject-2.3\pjproject-2.3\pjmedia\build\output\pjmedia_codec--win32-vc8-debug\ffmpeg_vid_codecs.sbr
c:\users\9200\desktop\work\p2p\pjsip\pjproject-2.3\pjproject-2.3\pjmedia\build\output\pjmedia_codec--win32-vc8-debug\g722.sbr
c:\users\9200\desktop\work\p2p\pjsip\pjproject-2.3\pjproject-2.3\pjmedia\build\output\pjmedia_codec--win32-vc8-debug\g7221.sbr
c:\users\9200\desktop\work\p2p\pjsip\pjproject-2.3\pjproject-2.3\pjmedia\build\output\pjmedia_codec--win32-vc8-debug\g7221_sdp_match.sbr
c:\users\9200\desktop\work\p2p\pjsip\pjproject-2.3\pjproject-2.3\pjmedia\build\output\pjmedia_codec--win32-vc8-debug\g722_dec.sbr
c:\users\9200\desktop\work\p2p\pjsip\pjproject-2.3\pjproject-2.3\pjmedia\build\output\pjmedia_codec--win32-vc8-debug\g722_enc.sbr
c:\users\9200\desktop\work\p2p\pjsip\pjproject-2.3\pjproject-2.3\pjmedia\build\output\pjmedia_codec--win32-vc8-debug\gsm.sbr
c:\users\9200\desktop\work\p2p\pjsip\pjproject-2.3\pjproject-2.3\pjmedia\build\output\pjmedia_codec--win32-vc8-debug\h263_packetizer.sbr
c:\users\9200\desktop\work\p2p\pjsip\pjproject-2.3\pjproject-2.3\pjmedia\build\output\pjmedia_codec--win32-vc8-debug\h264_packetizer.sbr
c:\users\9200\desktop\work\p2p\pjsip\pjproject-2.3\pjproject-2.3\pjmedia\build\output\pjmedia_codec--win32-vc8-debug\ilbc.sbr
c:\users\9200\desktop\work\p2p\pjsip\pjproject-2.3\pjproject-2.3\pjmedia\build\output\pjmedia_codec--win32-vc8-debug\ipp_codecs.sbr
c:\users\9200\desktop\work\p2p\pjsip\pjproject-2.3\pjproject-2.3\pjmedia\build\output\pjmedia_codec--win32-vc8-debug\l16.sbr
c:\users\9200\desktop\work\p2p\pjsip\pjproject-2.3\pjproject-2.3\pjmedia\build\output\pjmedia_codec--win32-vc8-debug\opencore_amr.sbr
c:\users\9200\desktop\work\p2p\pjsip\pjproject-2.3\pjproject-2.3\pjmedia\build\output\pjmedia_codec--win32-vc8-debug\passthrough.sbr
c:\users\9200\desktop\work\p2p\pjsip\pjproject-2.3\pjproject-2.3\pjmedia\build\output\pjmedia_codec--win32-vc8-debug\silk.sbr
c:\users\9200\desktop\work\p2p\pjsip\pjproject-2.3\pjproject-2.3\pjmedia\build\output\pjmedia_codec--win32-vc8-debug\speex_codec.sbr
c:\users\9200\desktop\work\p2p\pjsip\pjproject-2.3\pjproject-2.3\pjmedia\build\output\pjmedia_codec--win32-vc8-debug\speex_codec.obj
c:\users\9200\desktop\work\p2p\pjsip\pjproject-2.3\pjproject-2.3\pjmedia\build\output\pjmedia_codec--win32-vc8-debug\silk.obj
c:\users\9200\desktop\work\p2p\pjsip\pjproject-2.3\pjproject-2.3\pjmedia\build\output\pjmedia_codec--win32-vc8-debug\passthrough.obj
c:\users\9200\desktop\work\p2p\pjsip\pjproject-2.3\pjproject-2.3\pjmedia\build\output\pjmedia_codec--win32-vc8-debug\opencore_amr.obj
c:\users\9200\desktop\work\p2p\pjsip\pjproject-2.3\pjproject-2.3\pjmedia\build\output\pjmedia_codec--win32-vc8-debug\l16.obj
c:\users\9200\desktop\work\p2p\pjsip\pjproject-2.3\pjproject-2.3\pjmedia\build\output\pjmedia_codec--win32-vc8-debug\ipp_codecs.obj
c:\users\9200\desktop\work\p2p\pjsip\pjproject-2.3\pjproject-2.3\pjmedia\build\output\pjmedia_codec--win32-vc8-debug\ilbc.obj
c:\users\9200\desktop\work\p2p\pjsip\pjproject-2.3\pjproject-2.3\pjmedia\build\output\pjmedia_codec--win32-vc8-debug\h264_packetizer.obj
c:\users\9200\desktop\work\p2p\pjsip\pjproject-2.3\pjproject-2.3\pjmedia\build\output\pjmedia_codec--win32-vc8-debug\h263_packetizer.obj
c:\users\9200\desktop\work\p2p\pjsip\pjproject-2.3\pjproject-2.3\pjmedia\build\output\pjmedia_codec--win32-vc8-debug\gsm.obj
c:\users\9200\desktop\work\p2p\pjsip\pjproject-2.3\pjproject-2.3\pjmedia\build\output\pjmedia_codec--win32-vc8-debug\g722_enc.obj
c:\users\9200\desktop\work\p2p\pjsip\pjproject-2.3\pjproject-2.3\pjmedia\build\output\pjmedia_codec--win32-vc8-debug\g722_dec.obj
c:\users\9200\desktop\work\p2p\pjsip\pjproject-2.3\pjproject-2.3\pjmedia\build\output\pjmedia_codec--win32-vc8-debug\g7221_sdp_match.obj
c:\users\9200\desktop\work\p2p\pjsip\pjproject-2.3\pjproject-2.3\pjmedia\build\output\pjmedia_codec--win32-vc8-debug\g7221.obj
c:\users\9200\desktop\work\p2p\pjsip\pjproject-2.3\pjproject-2.3\pjmedia\build\output\pjmedia_codec--win32-vc8-debug\g722.obj
c:\users\9200\desktop\work\p2p\pjsip\pjproject-2.3\pjproject-2.3\pjmedia\build\output\pjmedia_codec--win32-vc8-debug\ffmpeg_vid_codecs.obj
c:\users\9200\desktop\work\p2p\pjsip\pjproject-2.3\pjproject-2.3\pjmedia\build\output\pjmedia_codec--win32-vc8-debug\audio_codecs.obj
c:\users\9200\desktop\work\p2p\pjsip\pjproject-2.3\pjproject-2.3\pjmedia\build\output\pjmedia_codec--win32-vc8-debug\amr_sdp_match.obj
c:\users\9200\desktop\work\p2p\pjsip\pjproject-2.3\pjproject-2.3\pjmedia\build\output\pjmedia_codec--win32-vc8-debug\openh264.sbr
c:\users\9200\desktop\work\p2p\pjsip\pjproject-2.3\pjproject-2.3\pjmedia\build\output\pjmedia_codec--win32-vc8-debug\openh264.obj
c:\users\9200\desktop\work\p2p\pjsip\pjproject-2.3\pjproject-2.3\pjmedia\lib\pjmedia-codec-i386-win32-vc8-debug.lib
c:\users\9200\desktop\work\p2p\pjsip\pjproject-2.3\pjproject-2.3\pjmedia\build\output\pjmedia_codec--win32-vc8-debug\pjmedia_codec.tlog\bscmake.command.1.tlog
c:\users\9200\desktop\work\p2p\pjsip\pjproject-2.3\pjproject-2.3\pjmedia\build\output\pjmedia_codec--win32-vc8-debug\pjmedia_codec.tlog\bscmake.read.1.tlog
c:\users\9200\desktop\work\p2p\pjsip\pjproject-2.3\pjproject-2.3\pjmedia\build\output\pjmedia_codec--win32-vc8-debug\pjmedia_codec.tlog\bscmake.write.1.tlog
c:\users\9200\desktop\work\p2p\pjsip\pjproject-2.3\pjproject-2.3\pjmedia\build\output\pjmedia_codec--win32-vc8-debug\pjmedia_codec.tlog\cl.command.1.tlog
c:\users\9200\desktop\work\p2p\pjsip\pjproject-2.3\pjproject-2.3\pjmedia\build\output\pjmedia_codec--win32-vc8-debug\pjmedia_codec.tlog\cl.read.1.tlog
c:\users\9200\desktop\work\p2p\pjsip\pjproject-2.3\pjproject-2.3\pjmedia\build\output\pjmedia_codec--win32-vc8-debug\pjmedia_codec.tlog\cl.write.1.tlog
c:\users\9200\desktop\work\p2p\pjsip\pjproject-2.3\pjproject-2.3\pjmedia\build\output\pjmedia_codec--win32-vc8-debug\pjmedia_codec.tlog\lib-link.read.1.tlog
c:\users\9200\desktop\work\p2p\pjsip\pjproject-2.3\pjproject-2.3\pjmedia\build\output\pjmedia_codec--win32-vc8-debug\pjmedia_codec.tlog\lib-link.write.1.tlog
c:\users\9200\desktop\work\p2p\pjsip\pjproject-2.3\pjproject-2.3\pjmedia\build\output\pjmedia_codec--win32-vc8-debug\pjmedia_codec.tlog\lib.command.1.tlog
