已經開始建置於 2015/3/24 上午 11:57:05。
     1>節點 4 (Rebuild 目標) 上的專案 "C:\Users\9200\Desktop\WORK\P2P\pjsip\pjproject-2.3\pjproject-2.3\pjmedia\build\pjmedia_codec.vcxproj"。
     1>ClCompile:
         C:\Program Files (x86)\Microsoft Visual Studio 12.0\VC\bin\CL.exe /c /I../include /I../../pjlib/include /I../../third_party/speex/include /I../../third_party /ZI /nologo /W4 /WX- /Od /Oy- /D _LIB /D WIN32 /D PJ_WIN32=1 /D PJ_M_I386=1 /D _DEBUG /D DEBUG /D _MBCS /Gm- /EHsc /MTd /GS /fp:precise /Zc:wchar_t /Zc:forScope /Fo".\output\pjmedia_codec--Win32-vc8-Debug\\" /Fd".\output\pjmedia_codec--Win32-vc8-Debug\\vc120.pdb" /FR".\output\pjmedia_codec--Win32-vc8-Debug\\" /Gd /TC /analyze- /errorReport:prompt "..\src\pjmedia-codec\amr_sdp_match.c" "..\src\pjmedia-codec\audio_codecs.c" "..\src\pjmedia-codec\ffmpeg_vid_codecs.c" "..\src\pjmedia-codec\g722.c" "..\src\pjmedia-codec\g7221.c" "..\src\pjmedia-codec\g7221_sdp_match.c" "..\src\pjmedia-codec\g722\g722_dec.c" "..\src\pjmedia-codec\g722\g722_enc.c" "..\src\pjmedia-codec\gsm.c" "..\src\pjmedia-codec\h263_packetizer.c" "..\src\pjmedia-codec\h264_packetizer.c" "..\src\pjmedia-codec\ilbc.c" "..\src\pjmedia-codec\ipp_codecs.c" "..\src\pjmedia-codec\l16.c" "..\src\pjmedia-codec\opencore_amr.c" "..\src\pjmedia-codec\passthrough.c" "..\src\pjmedia-codec\silk.c" "..\src\pjmedia-codec\speex_codec.c"
         amr_sdp_match.c
         audio_codecs.c
     1>c:\users\9200\desktop\work\p2p\pjsip\pjproject-2.3\pjproject-2.3\pjmedia\include\pjmedia-codec\g7221.h : warning C4819: 檔案含有無法在目前字碼頁 (950) 中表示的字元。請以 Unicode 格式儲存檔案以防止資料遺失
         ffmpeg_vid_codecs.c
         g722.c
         g7221.c
     1>c:\users\9200\desktop\work\p2p\pjsip\pjproject-2.3\pjproject-2.3\pjmedia\include\pjmedia-codec\g7221.h : warning C4819: 檔案含有無法在目前字碼頁 (950) 中表示的字元。請以 Unicode 格式儲存檔案以防止資料遺失
         g7221_sdp_match.c
         g722_dec.c
         g722_enc.c
         gsm.c
         h263_packetizer.c
         h264_packetizer.c
         ilbc.c
         ipp_codecs.c
         l16.c
         opencore_amr.c
         passthrough.c
         silk.c
         speex_codec.c
         正在產生程式碼...
         C:\Program Files (x86)\Microsoft Visual Studio 12.0\VC\bin\CL.exe /c /I../include /I../../pjlib/include /I../../third_party/speex/include /I../../third_party /ZI /nologo /W4 /WX- /Od /Oy- /D _LIB /D WIN32 /D PJ_WIN32=1 /D PJ_M_I386=1 /D _DEBUG /D DEBUG /D _MBCS /Gm- /EHsc /MTd /GS /fp:precise /Zc:wchar_t /Zc:forScope /Fo".\output\pjmedia_codec--Win32-vc8-Debug\\" /Fd".\output\pjmedia_codec--Win32-vc8-Debug\\vc120.pdb" /FR".\output\pjmedia_codec--Win32-vc8-Debug\\" /Gd /TP /analyze- /errorReport:prompt "..\src\pjmedia-codec\openh264.cpp"
         openh264.cpp
     1>C:\Program Files (x86)\MSBuild\Microsoft.Cpp\v4.0\V120\Microsoft.CppBuild.targets(1361,5): warning MSB8012: TargetPath(C:\Users\9200\Desktop\WORK\P2P\pjsip\pjproject-2.3\pjproject-2.3\pjmedia\build\.\output\pjmedia_codec--Win32-vc8-Debug\pjmedia_codec.lib) does not match the Library's OutputFile property value (C:\Users\9200\Desktop\WORK\P2P\pjsip\pjproject-2.3\pjproject-2.3\pjmedia\lib\pjmedia-codec-i386-Win32-vc8-Debug.lib). This may cause your project to build incorrectly. To correct this, please make sure that $(OutDir), $(TargetName) and $(TargetExt) property values match the value specified in %(Lib.OutputFile).
     1>C:\Program Files (x86)\MSBuild\Microsoft.Cpp\v4.0\V120\Microsoft.CppBuild.targets(1363,5): warning MSB8012: TargetName(pjmedia_codec) does not match the Library's OutputFile property value (pjmedia-codec-i386-Win32-vc8-Debug). This may cause your project to build incorrectly. To correct this, please make sure that $(OutDir), $(TargetName) and $(TargetExt) property values match the value specified in %(Lib.OutputFile).
       Lib:
         C:\Program Files (x86)\Microsoft Visual Studio 12.0\VC\bin\Lib.exe /OUT:"..\lib\pjmedia-codec-i386-Win32-vc8-Debug.lib" /NOLOGO ".\output\pjmedia_codec--Win32-vc8-Debug\\amr_sdp_match.obj"
         ".\output\pjmedia_codec--Win32-vc8-Debug\\audio_codecs.obj"
         ".\output\pjmedia_codec--Win32-vc8-Debug\\ffmpeg_vid_codecs.obj"
         ".\output\pjmedia_codec--Win32-vc8-Debug\\g722.obj"
         ".\output\pjmedia_codec--Win32-vc8-Debug\\g7221.obj"
         ".\output\pjmedia_codec--Win32-vc8-Debug\\g7221_sdp_match.obj"
         ".\output\pjmedia_codec--Win32-vc8-Debug\\g722_dec.obj"
         ".\output\pjmedia_codec--Win32-vc8-Debug\\g722_enc.obj"
         ".\output\pjmedia_codec--Win32-vc8-Debug\\gsm.obj"
         ".\output\pjmedia_codec--Win32-vc8-Debug\\h263_packetizer.obj"
         ".\output\pjmedia_codec--Win32-vc8-Debug\\h264_packetizer.obj"
         ".\output\pjmedia_codec--Win32-vc8-Debug\\ilbc.obj"
         ".\output\pjmedia_codec--Win32-vc8-Debug\\ipp_codecs.obj"
         ".\output\pjmedia_codec--Win32-vc8-Debug\\l16.obj"
         ".\output\pjmedia_codec--Win32-vc8-Debug\\opencore_amr.obj"
         ".\output\pjmedia_codec--Win32-vc8-Debug\\openh264.obj"
         ".\output\pjmedia_codec--Win32-vc8-Debug\\passthrough.obj"
         ".\output\pjmedia_codec--Win32-vc8-Debug\\silk.obj"
         ".\output\pjmedia_codec--Win32-vc8-Debug\\speex_codec.obj"
         pjmedia_codec.vcxproj -> C:\Users\9200\Desktop\WORK\P2P\pjsip\pjproject-2.3\pjproject-2.3\pjmedia\build\.\output\pjmedia_codec--Win32-vc8-Debug\pjmedia_codec.lib
       BscMake:
         C:\Program Files (x86)\Microsoft Visual Studio 12.0\VC\bin\bscmake.exe /nologo /o".\output\pjmedia_codec--Win32-vc8-Debug\pjmedia_codec.bsc" ".\output\pjmedia_codec--Win32-vc8-Debug\\amr_sdp_match.sbr" ".\output\pjmedia_codec--Win32-vc8-Debug\\audio_codecs.sbr" ".\output\pjmedia_codec--Win32-vc8-Debug\\ffmpeg_vid_codecs.sbr" ".\output\pjmedia_codec--Win32-vc8-Debug\\g722.sbr" ".\output\pjmedia_codec--Win32-vc8-Debug\\g7221.sbr" ".\output\pjmedia_codec--Win32-vc8-Debug\\g7221_sdp_match.sbr" ".\output\pjmedia_codec--Win32-vc8-Debug\\g722_dec.sbr" ".\output\pjmedia_codec--Win32-vc8-Debug\\g722_enc.sbr" ".\output\pjmedia_codec--Win32-vc8-Debug\\gsm.sbr" ".\output\pjmedia_codec--Win32-vc8-Debug\\h263_packetizer.sbr" ".\output\pjmedia_codec--Win32-vc8-Debug\\h264_packetizer.sbr" ".\output\pjmedia_codec--Win32-vc8-Debug\\ilbc.sbr" ".\output\pjmedia_codec--Win32-vc8-Debug\\ipp_codecs.sbr" ".\output\pjmedia_codec--Win32-vc8-Debug\\l16.sbr" ".\output\pjmedia_codec--Win32-vc8-Debug\\opencore_amr.sbr" ".\output\pjmedia_codec--Win32-vc8-Debug\\openh264.sbr" ".\output\pjmedia_codec--Win32-vc8-Debug\\passthrough.sbr" ".\output\pjmedia_codec--Win32-vc8-Debug\\silk.sbr" ".\output\pjmedia_codec--Win32-vc8-Debug\\speex_codec.sbr"
     1>專案 "C:\Users\9200\Desktop\WORK\P2P\pjsip\pjproject-2.3\pjproject-2.3\pjmedia\build\pjmedia_codec.vcxproj" (Rebuild 目標) 建置完成。

建置成功。

經過時間 00:00:01.79
