c:\users\9200\desktop\work\p2p\pjsip\pjproject-2.3\pjproject-2.3\pjsip\build\output\pjsip_simple--win32-vc8-debug\pjsip_simple.bsc
c:\users\9200\desktop\work\p2p\pjsip\pjproject-2.3\pjproject-2.3\pjsip\build\output\pjsip_simple--win32-vc8-debug\vc120.pdb
c:\users\9200\desktop\work\p2p\pjsip\pjproject-2.3\pjproject-2.3\pjsip\build\output\pjsip_simple--win32-vc8-debug\vc120.idb
c:\users\9200\desktop\work\p2p\pjsip\pjproject-2.3\pjproject-2.3\pjsip\build\output\pjsip_simple--win32-vc8-debug\errno.sbr
c:\users\9200\desktop\work\p2p\pjsip\pjproject-2.3\pjproject-2.3\pjsip\build\output\pjsip_simple--win32-vc8-debug\evsub.sbr
c:\users\9200\desktop\work\p2p\pjsip\pjproject-2.3\pjproject-2.3\pjsip\build\output\pjsip_simple--win32-vc8-debug\evsub_msg.sbr
c:\users\9200\desktop\work\p2p\pjsip\pjproject-2.3\pjproject-2.3\pjsip\build\output\pjsip_simple--win32-vc8-debug\iscomposing.sbr
c:\users\9200\desktop\work\p2p\pjsip\pjproject-2.3\pjproject-2.3\pjsip\build\output\pjsip_simple--win32-vc8-debug\mwi.sbr
c:\users\9200\desktop\work\p2p\pjsip\pjproject-2.3\pjproject-2.3\pjsip\build\output\pjsip_simple--win32-vc8-debug\pidf.sbr
c:\users\9200\desktop\work\p2p\pjsip\pjproject-2.3\pjproject-2.3\pjsip\build\output\pjsip_simple--win32-vc8-debug\presence.sbr
c:\users\9200\desktop\work\p2p\pjsip\pjproject-2.3\pjproject-2.3\pjsip\build\output\pjsip_simple--win32-vc8-debug\presence_body.sbr
c:\users\9200\desktop\work\p2p\pjsip\pjproject-2.3\pjproject-2.3\pjsip\build\output\pjsip_simple--win32-vc8-debug\publishc.sbr
c:\users\9200\desktop\work\p2p\pjsip\pjproject-2.3\pjproject-2.3\pjsip\build\output\pjsip_simple--win32-vc8-debug\rpid.sbr
c:\users\9200\desktop\work\p2p\pjsip\pjproject-2.3\pjproject-2.3\pjsip\build\output\pjsip_simple--win32-vc8-debug\xpidf.sbr
c:\users\9200\desktop\work\p2p\pjsip\pjproject-2.3\pjproject-2.3\pjsip\build\output\pjsip_simple--win32-vc8-debug\xpidf.obj
c:\users\9200\desktop\work\p2p\pjsip\pjproject-2.3\pjproject-2.3\pjsip\build\output\pjsip_simple--win32-vc8-debug\rpid.obj
c:\users\9200\desktop\work\p2p\pjsip\pjproject-2.3\pjproject-2.3\pjsip\build\output\pjsip_simple--win32-vc8-debug\publishc.obj
c:\users\9200\desktop\work\p2p\pjsip\pjproject-2.3\pjproject-2.3\pjsip\build\output\pjsip_simple--win32-vc8-debug\presence_body.obj
c:\users\9200\desktop\work\p2p\pjsip\pjproject-2.3\pjproject-2.3\pjsip\build\output\pjsip_simple--win32-vc8-debug\presence.obj
c:\users\9200\desktop\work\p2p\pjsip\pjproject-2.3\pjproject-2.3\pjsip\build\output\pjsip_simple--win32-vc8-debug\pidf.obj
c:\users\9200\desktop\work\p2p\pjsip\pjproject-2.3\pjproject-2.3\pjsip\build\output\pjsip_simple--win32-vc8-debug\mwi.obj
c:\users\9200\desktop\work\p2p\pjsip\pjproject-2.3\pjproject-2.3\pjsip\build\output\pjsip_simple--win32-vc8-debug\iscomposing.obj
c:\users\9200\desktop\work\p2p\pjsip\pjproject-2.3\pjproject-2.3\pjsip\build\output\pjsip_simple--win32-vc8-debug\evsub_msg.obj
c:\users\9200\desktop\work\p2p\pjsip\pjproject-2.3\pjproject-2.3\pjsip\build\output\pjsip_simple--win32-vc8-debug\evsub.obj
c:\users\9200\desktop\work\p2p\pjsip\pjproject-2.3\pjproject-2.3\pjsip\build\output\pjsip_simple--win32-vc8-debug\errno.obj
c:\users\9200\desktop\work\p2p\pjsip\pjproject-2.3\pjproject-2.3\pjsip\lib\pjsip-simple-i386-win32-vc8-debug.lib
c:\users\9200\desktop\work\p2p\pjsip\pjproject-2.3\pjproject-2.3\pjsip\build\output\pjsip_simple--win32-vc8-debug\pjsip_simple.tlog\bscmake.command.1.tlog
c:\users\9200\desktop\work\p2p\pjsip\pjproject-2.3\pjproject-2.3\pjsip\build\output\pjsip_simple--win32-vc8-debug\pjsip_simple.tlog\bscmake.read.1.tlog
c:\users\9200\desktop\work\p2p\pjsip\pjproject-2.3\pjproject-2.3\pjsip\build\output\pjsip_simple--win32-vc8-debug\pjsip_simple.tlog\bscmake.write.1.tlog
c:\users\9200\desktop\work\p2p\pjsip\pjproject-2.3\pjproject-2.3\pjsip\build\output\pjsip_simple--win32-vc8-debug\pjsip_simple.tlog\cl.command.1.tlog
c:\users\9200\desktop\work\p2p\pjsip\pjproject-2.3\pjproject-2.3\pjsip\build\output\pjsip_simple--win32-vc8-debug\pjsip_simple.tlog\cl.read.1.tlog
c:\users\9200\desktop\work\p2p\pjsip\pjproject-2.3\pjproject-2.3\pjsip\build\output\pjsip_simple--win32-vc8-debug\pjsip_simple.tlog\cl.write.1.tlog
c:\users\9200\desktop\work\p2p\pjsip\pjproject-2.3\pjproject-2.3\pjsip\build\output\pjsip_simple--win32-vc8-debug\pjsip_simple.tlog\lib-link.read.1.tlog
c:\users\9200\desktop\work\p2p\pjsip\pjproject-2.3\pjproject-2.3\pjsip\build\output\pjsip_simple--win32-vc8-debug\pjsip_simple.tlog\lib-link.write.1.tlog
c:\users\9200\desktop\work\p2p\pjsip\pjproject-2.3\pjproject-2.3\pjsip\build\output\pjsip_simple--win32-vc8-debug\pjsip_simple.tlog\lib.command.1.tlog
