已經開始建置於 2015/3/24 上午 11:57:05。
     1>節點 3 (Rebuild 目標) 上的專案 "C:\Users\9200\Desktop\WORK\P2P\pjsip\pjproject-2.3\pjproject-2.3\pjmedia\build\pjmedia.vcxproj"。
     1>ClCompile:
         C:\Program Files (x86)\Microsoft Visual Studio 12.0\VC\bin\CL.exe /c /I../include /I../../pjlib/include /I"../../pjlib-util/include" /I../../pjnath/include /I../../third_party/portaudio/include /I../../third_party/speex/include /I../../third_party/build/srtp /I../../third_party/srtp/include /I../../third_party/srtp/crypto/include /I../.. /Iinclude /ZI /nologo /W4 /WX- /Od /Oy- /D _LIB /D WIN32 /D PJ_WIN32=1 /D PJ_M_I386=1 /D _DEBUG /D DEBUG /D _MBCS /Gm- /EHsc /MTd /GS /fp:precise /Zc:wchar_t /Zc:forScope /Fo".\output\pjmedia--Win32-vc8-Debug\\" /Fd".\output\pjmedia--Win32-vc8-Debug\\vc120.pdb" /FR".\output\pjmedia--Win32-vc8-Debug\\" /Gd /TC /analyze- /errorReport:prompt ..\src\pjmedia\alaw_ulaw.c ..\src\pjmedia\alaw_ulaw_table.c ..\src\pjmedia\avi_player.c ..\src\pjmedia\bidirectional.c ..\src\pjmedia\clock_thread.c ..\src\pjmedia\codec.c ..\src\pjmedia\conference.c ..\src\pjmedia\conf_switch.c ..\src\pjmedia\converter.c ..\src\pjmedia\converter_libswscale.c ..\src\pjmedia\converter_libyuv.c ..\src\pjmedia\delaybuf.c ..\src\pjmedia\echo_common.c ..\src\pjmedia\echo_port.c ..\src\pjmedia\echo_speex.c ..\src\pjmedia\echo_suppress.c ..\src\pjmedia\endpoint.c ..\src\pjmedia\errno.c ..\src\pjmedia\event.c ..\src\pjmedia\ffmpeg_util.c ..\src\pjmedia\format.c ..\src\pjmedia\g711.c ..\src\pjmedia\jbuf.c ..\src\pjmedia\master_port.c ..\src\pjmedia\mem_capture.c ..\src\pjmedia\mem_player.c ..\src\pjmedia\null_port.c ..\src\pjmedia\plc_common.c ..\src\pjmedia\port.c ..\src\pjmedia\resample_libsamplerate.c ..\src\pjmedia\resample_port.c ..\src\pjmedia\resample_resample.c ..\src\pjmedia\resample_speex.c ..\src\pjmedia\rtcp.c ..\src\pjmedia\rtcp_xr.c ..\src\pjmedia\rtp.c ..\src\pjmedia\sdp.c ..\src\pjmedia\sdp_cmp.c ..\src\pjmedia\sdp_neg.c ..\src\pjmedia\silencedet.c ..\src\pjmedia\sound_legacy.c ..\src\pjmedia\sound_port.c ..\src\pjmedia\splitcomb.c ..\src\pjmedia\stereo_port.c ..\src\pjmedia\stream.c ..\src\pjmedia\stream_common.c ..\src\pjmedia\stream_info.c ..\src\pjmedia\tonegen.c ..\src\pjmedia\transport_adapter_sample.c ..\src\pjmedia\transport_ice.c ..\src\pjmedia\transport_loop.c ..\src\pjmedia\transport_srtp.c ..\src\pjmedia\transport_udp.c ..\src\pjmedia\types.c ..\src\pjmedia\vid_codec.c ..\src\pjmedia\vid_codec_util.c ..\src\pjmedia\vid_port.c ..\src\pjmedia\vid_stream.c ..\src\pjmedia\vid_stream_info.c ..\src\pjmedia\vid_tee.c ..\src\pjmedia\wave.c ..\src\pjmedia\wav_player.c ..\src\pjmedia\wav_playlist.c ..\src\pjmedia\wav_writer.c ..\src\pjmedia\wsola.c
         alaw_ulaw.c
         alaw_ulaw_table.c
         avi_player.c
         bidirectional.c
         clock_thread.c
         codec.c
         conference.c
         conf_switch.c
         converter.c
         converter_libswscale.c
         converter_libyuv.c
         delaybuf.c
         echo_common.c
         echo_port.c
         echo_speex.c
         echo_suppress.c
         endpoint.c
         errno.c
         event.c
         ffmpeg_util.c
         正在產生程式碼...
         正在編譯...
         format.c
         g711.c
         jbuf.c
         master_port.c
         mem_capture.c
         mem_player.c
         null_port.c
         plc_common.c
         port.c
         resample_libsamplerate.c
         resample_port.c
         resample_resample.c
         resample_speex.c
         rtcp.c
         rtcp_xr.c
         rtp.c
         sdp.c
     1>c:\users\9200\desktop\work\p2p\pjsip\pjproject-2.3\pjproject-2.3\pjmedia\src\pjmedia\sdp.c(998): warning C4102: 'TODO___PARSE_SDP_CONN_ADDRESS_SUBFIELDS' : 未參考的標籤
         sdp_cmp.c
         sdp_neg.c
     1>c:\users\9200\desktop\work\p2p\pjsip\pjproject-2.3\pjproject-2.3\pjmedia\src\pjmedia\sdp_neg.c(723): warning C4102: 'TODO___CHECK_SDP_NEGOTIATION_WHEN_ASYMETRIC_MEDIA_IS_ALLOWED' : 未參考的標籤
         silencedet.c
         正在產生程式碼...
         正在編譯...
         sound_legacy.c
         sound_port.c
         splitcomb.c
         stereo_port.c
         stream.c
         stream_common.c
         stream_info.c
         tonegen.c
         transport_adapter_sample.c
         transport_ice.c
         transport_loop.c
         transport_srtp.c
         transport_udp.c
         types.c
         vid_codec.c
         vid_codec_util.c
         vid_port.c
         vid_stream.c
         vid_stream_info.c
         vid_tee.c
         正在產生程式碼...
         正在編譯...
         wave.c
         wav_player.c
         wav_playlist.c
         wav_writer.c
         wsola.c
         正在產生程式碼...
     1>C:\Program Files (x86)\MSBuild\Microsoft.Cpp\v4.0\V120\Microsoft.CppBuild.targets(1361,5): warning MSB8012: TargetPath(C:\Users\9200\Desktop\WORK\P2P\pjsip\pjproject-2.3\pjproject-2.3\pjmedia\build\.\output\pjmedia--Win32-vc8-Debug\pjmedia.lib) does not match the Library's OutputFile property value (C:\Users\9200\Desktop\WORK\P2P\pjsip\pjproject-2.3\pjproject-2.3\pjmedia\lib\pjmedia-i386-Win32-vc8-Debug.lib). This may cause your project to build incorrectly. To correct this, please make sure that $(OutDir), $(TargetName) and $(TargetExt) property values match the value specified in %(Lib.OutputFile).
     1>C:\Program Files (x86)\MSBuild\Microsoft.Cpp\v4.0\V120\Microsoft.CppBuild.targets(1363,5): warning MSB8012: TargetName(pjmedia) does not match the Library's OutputFile property value (pjmedia-i386-Win32-vc8-Debug). This may cause your project to build incorrectly. To correct this, please make sure that $(OutDir), $(TargetName) and $(TargetExt) property values match the value specified in %(Lib.OutputFile).
       Lib:
         C:\Program Files (x86)\Microsoft Visual Studio 12.0\VC\bin\Lib.exe /OUT:"..\lib\pjmedia-i386-Win32-vc8-Debug.lib" /NOLOGO ".\output\pjmedia--Win32-vc8-Debug\\alaw_ulaw.obj"
         ".\output\pjmedia--Win32-vc8-Debug\\alaw_ulaw_table.obj"
         ".\output\pjmedia--Win32-vc8-Debug\\avi_player.obj"
         ".\output\pjmedia--Win32-vc8-Debug\\bidirectional.obj"
         ".\output\pjmedia--Win32-vc8-Debug\\clock_thread.obj"
         ".\output\pjmedia--Win32-vc8-Debug\\codec.obj"
         ".\output\pjmedia--Win32-vc8-Debug\\conference.obj"
         ".\output\pjmedia--Win32-vc8-Debug\\conf_switch.obj"
         ".\output\pjmedia--Win32-vc8-Debug\\converter.obj"
         ".\output\pjmedia--Win32-vc8-Debug\\converter_libswscale.obj"
         ".\output\pjmedia--Win32-vc8-Debug\\converter_libyuv.obj"
         ".\output\pjmedia--Win32-vc8-Debug\\delaybuf.obj"
         ".\output\pjmedia--Win32-vc8-Debug\\echo_common.obj"
         ".\output\pjmedia--Win32-vc8-Debug\\echo_port.obj"
         ".\output\pjmedia--Win32-vc8-Debug\\echo_speex.obj"
         ".\output\pjmedia--Win32-vc8-Debug\\echo_suppress.obj"
         ".\output\pjmedia--Win32-vc8-Debug\\endpoint.obj"
         ".\output\pjmedia--Win32-vc8-Debug\\errno.obj"
         ".\output\pjmedia--Win32-vc8-Debug\\event.obj"
         ".\output\pjmedia--Win32-vc8-Debug\\ffmpeg_util.obj"
         ".\output\pjmedia--Win32-vc8-Debug\\format.obj"
         ".\output\pjmedia--Win32-vc8-Debug\\g711.obj"
         ".\output\pjmedia--Win32-vc8-Debug\\jbuf.obj"
         ".\output\pjmedia--Win32-vc8-Debug\\master_port.obj"
         ".\output\pjmedia--Win32-vc8-Debug\\mem_capture.obj"
         ".\output\pjmedia--Win32-vc8-Debug\\mem_player.obj"
         ".\output\pjmedia--Win32-vc8-Debug\\null_port.obj"
         ".\output\pjmedia--Win32-vc8-Debug\\plc_common.obj"
         ".\output\pjmedia--Win32-vc8-Debug\\port.obj"
         ".\output\pjmedia--Win32-vc8-Debug\\resample_libsamplerate.obj"
         ".\output\pjmedia--Win32-vc8-Debug\\resample_port.obj"
         ".\output\pjmedia--Win32-vc8-Debug\\resample_resample.obj"
         ".\output\pjmedia--Win32-vc8-Debug\\resample_speex.obj"
         ".\output\pjmedia--Win32-vc8-Debug\\rtcp.obj"
         ".\output\pjmedia--Win32-vc8-Debug\\rtcp_xr.obj"
         ".\output\pjmedia--Win32-vc8-Debug\\rtp.obj"
         ".\output\pjmedia--Win32-vc8-Debug\\sdp.obj"
         ".\output\pjmedia--Win32-vc8-Debug\\sdp_cmp.obj"
         ".\output\pjmedia--Win32-vc8-Debug\\sdp_neg.obj"
         ".\output\pjmedia--Win32-vc8-Debug\\silencedet.obj"
         ".\output\pjmedia--Win32-vc8-Debug\\sound_legacy.obj"
         ".\output\pjmedia--Win32-vc8-Debug\\sound_port.obj"
         ".\output\pjmedia--Win32-vc8-Debug\\splitcomb.obj"
         ".\output\pjmedia--Win32-vc8-Debug\\stereo_port.obj"
         ".\output\pjmedia--Win32-vc8-Debug\\stream.obj"
         ".\output\pjmedia--Win32-vc8-Debug\\stream_common.obj"
         ".\output\pjmedia--Win32-vc8-Debug\\stream_info.obj"
         ".\output\pjmedia--Win32-vc8-Debug\\tonegen.obj"
         ".\output\pjmedia--Win32-vc8-Debug\\transport_adapter_sample.obj"
         ".\output\pjmedia--Win32-vc8-Debug\\transport_ice.obj"
         ".\output\pjmedia--Win32-vc8-Debug\\transport_loop.obj"
         ".\output\pjmedia--Win32-vc8-Debug\\transport_srtp.obj"
         ".\output\pjmedia--Win32-vc8-Debug\\transport_udp.obj"
         ".\output\pjmedia--Win32-vc8-Debug\\types.obj"
         ".\output\pjmedia--Win32-vc8-Debug\\vid_codec.obj"
         ".\output\pjmedia--Win32-vc8-Debug\\vid_codec_util.obj"
         ".\output\pjmedia--Win32-vc8-Debug\\vid_port.obj"
         ".\output\pjmedia--Win32-vc8-Debug\\vid_stream.obj"
         ".\output\pjmedia--Win32-vc8-Debug\\vid_stream_info.obj"
         ".\output\pjmedia--Win32-vc8-Debug\\vid_tee.obj"
         ".\output\pjmedia--Win32-vc8-Debug\\wave.obj"
         ".\output\pjmedia--Win32-vc8-Debug\\wav_player.obj"
         ".\output\pjmedia--Win32-vc8-Debug\\wav_playlist.obj"
         ".\output\pjmedia--Win32-vc8-Debug\\wav_writer.obj"
         ".\output\pjmedia--Win32-vc8-Debug\\wsola.obj"
     1>avi_player.obj : warning LNK4221: 這個物件檔案沒有定義任何以前未定義的公用符號，因此任何使用這個程式庫的連結作業都將不會使用它。
         pjmedia.vcxproj -> C:\Users\9200\Desktop\WORK\P2P\pjsip\pjproject-2.3\pjproject-2.3\pjmedia\build\.\output\pjmedia--Win32-vc8-Debug\pjmedia.lib
       BscMake:
         C:\Program Files (x86)\Microsoft Visual Studio 12.0\VC\bin\bscmake.exe /nologo /o".\output\pjmedia--Win32-vc8-Debug\pjmedia.bsc" ".\output\pjmedia--Win32-vc8-Debug\\alaw_ulaw.sbr" ".\output\pjmedia--Win32-vc8-Debug\\alaw_ulaw_table.sbr" ".\output\pjmedia--Win32-vc8-Debug\\avi_player.sbr" ".\output\pjmedia--Win32-vc8-Debug\\bidirectional.sbr" ".\output\pjmedia--Win32-vc8-Debug\\clock_thread.sbr" ".\output\pjmedia--Win32-vc8-Debug\\codec.sbr" ".\output\pjmedia--Win32-vc8-Debug\\conference.sbr" ".\output\pjmedia--Win32-vc8-Debug\\conf_switch.sbr" ".\output\pjmedia--Win32-vc8-Debug\\converter.sbr" ".\output\pjmedia--Win32-vc8-Debug\\converter_libswscale.sbr" ".\output\pjmedia--Win32-vc8-Debug\\converter_libyuv.sbr" ".\output\pjmedia--Win32-vc8-Debug\\delaybuf.sbr" ".\output\pjmedia--Win32-vc8-Debug\\echo_common.sbr" ".\output\pjmedia--Win32-vc8-Debug\\echo_port.sbr" ".\output\pjmedia--Win32-vc8-Debug\\echo_speex.sbr" ".\output\pjmedia--Win32-vc8-Debug\\echo_suppress.sbr" ".\output\pjmedia--Win32-vc8-Debug\\endpoint.sbr" ".\output\pjmedia--Win32-vc8-Debug\\errno.sbr" ".\output\pjmedia--Win32-vc8-Debug\\event.sbr" ".\output\pjmedia--Win32-vc8-Debug\\ffmpeg_util.sbr" ".\output\pjmedia--Win32-vc8-Debug\\format.sbr" ".\output\pjmedia--Win32-vc8-Debug\\g711.sbr" ".\output\pjmedia--Win32-vc8-Debug\\jbuf.sbr" ".\output\pjmedia--Win32-vc8-Debug\\master_port.sbr" ".\output\pjmedia--Win32-vc8-Debug\\mem_capture.sbr" ".\output\pjmedia--Win32-vc8-Debug\\mem_player.sbr" ".\output\pjmedia--Win32-vc8-Debug\\null_port.sbr" ".\output\pjmedia--Win32-vc8-Debug\\plc_common.sbr" ".\output\pjmedia--Win32-vc8-Debug\\port.sbr" ".\output\pjmedia--Win32-vc8-Debug\\resample_libsamplerate.sbr" ".\output\pjmedia--Win32-vc8-Debug\\resample_port.sbr" ".\output\pjmedia--Win32-vc8-Debug\\resample_resample.sbr" ".\output\pjmedia--Win32-vc8-Debug\\resample_speex.sbr" ".\output\pjmedia--Win32-vc8-Debug\\rtcp.sbr" ".\output\pjmedia--Win32-vc8-Debug\\rtcp_xr.sbr" ".\output\pjmedia--Win32-vc8-Debug\\rtp.sbr" ".\output\pjmedia--Win32-vc8-Debug\\sdp.sbr" ".\output\pjmedia--Win32-vc8-Debug\\sdp_cmp.sbr" ".\output\pjmedia--Win32-vc8-Debug\\sdp_neg.sbr" ".\output\pjmedia--Win32-vc8-Debug\\silencedet.sbr" ".\output\pjmedia--Win32-vc8-Debug\\sound_legacy.sbr" ".\output\pjmedia--Win32-vc8-Debug\\sound_port.sbr" ".\output\pjmedia--Win32-vc8-Debug\\splitcomb.sbr" ".\output\pjmedia--Win32-vc8-Debug\\stereo_port.sbr" ".\output\pjmedia--Win32-vc8-Debug\\stream.sbr" ".\output\pjmedia--Win32-vc8-Debug\\stream_common.sbr" ".\output\pjmedia--Win32-vc8-Debug\\stream_info.sbr" ".\output\pjmedia--Win32-vc8-Debug\\tonegen.sbr" ".\output\pjmedia--Win32-vc8-Debug\\transport_adapter_sample.sbr" ".\output\pjmedia--Win32-vc8-Debug\\transport_ice.sbr" ".\output\pjmedia--Win32-vc8-Debug\\transport_loop.sbr" ".\output\pjmedia--Win32-vc8-Debug\\transport_srtp.sbr" ".\output\pjmedia--Win32-vc8-Debug\\transport_udp.sbr" ".\output\pjmedia--Win32-vc8-Debug\\types.sbr" ".\output\pjmedia--Win32-vc8-Debug\\vid_codec.sbr" ".\output\pjmedia--Win32-vc8-Debug\\vid_codec_util.sbr" ".\output\pjmedia--Win32-vc8-Debug\\vid_port.sbr" ".\output\pjmedia--Win32-vc8-Debug\\vid_stream.sbr" ".\output\pjmedia--Win32-vc8-Debug\\vid_stream_info.sbr" ".\output\pjmedia--Win32-vc8-Debug\\vid_tee.sbr" ".\output\pjmedia--Win32-vc8-Debug\\wave.sbr" ".\output\pjmedia--Win32-vc8-Debug\\wav_player.sbr" ".\output\pjmedia--Win32-vc8-Debug\\wav_playlist.sbr" ".\output\pjmedia--Win32-vc8-Debug\\wav_writer.sbr" ".\output\pjmedia--Win32-vc8-Debug\\wsola.sbr"
     1>專案 "C:\Users\9200\Desktop\WORK\P2P\pjsip\pjproject-2.3\pjproject-2.3\pjmedia\build\pjmedia.vcxproj" (Rebuild 目標) 建置完成。

建置成功。

經過時間 00:00:10.42
