c:\users\9200\desktop\work\p2p\pjsip\pjproject-2.3\pjproject-2.3\pjmedia\build\output\pjmedia_audiodev--win32-vc8-debug\pjmedia_audiodev.bsc
c:\users\9200\desktop\work\p2p\pjsip\pjproject-2.3\pjproject-2.3\pjmedia\build\output\pjmedia_audiodev--win32-vc8-debug\vc120.pdb
c:\users\9200\desktop\work\p2p\pjsip\pjproject-2.3\pjproject-2.3\pjmedia\build\output\pjmedia_audiodev--win32-vc8-debug\vc120.idb
c:\users\9200\desktop\work\p2p\pjsip\pjproject-2.3\pjproject-2.3\pjmedia\build\output\pjmedia_audiodev--win32-vc8-debug\audiodev.sbr
c:\users\9200\desktop\work\p2p\pjsip\pjproject-2.3\pjproject-2.3\pjmedia\build\output\pjmedia_audiodev--win32-vc8-debug\audiotest.sbr
c:\users\9200\desktop\work\p2p\pjsip\pjproject-2.3\pjproject-2.3\pjmedia\build\output\pjmedia_audiodev--win32-vc8-debug\bdimad_dev.sbr
c:\users\9200\desktop\work\p2p\pjsip\pjproject-2.3\pjproject-2.3\pjmedia\build\output\pjmedia_audiodev--win32-vc8-debug\errno.sbr
c:\users\9200\desktop\work\p2p\pjsip\pjproject-2.3\pjproject-2.3\pjmedia\build\output\pjmedia_audiodev--win32-vc8-debug\legacy_dev.sbr
c:\users\9200\desktop\work\p2p\pjsip\pjproject-2.3\pjproject-2.3\pjmedia\build\output\pjmedia_audiodev--win32-vc8-debug\null_dev.sbr
c:\users\9200\desktop\work\p2p\pjsip\pjproject-2.3\pjproject-2.3\pjmedia\build\output\pjmedia_audiodev--win32-vc8-debug\pa_dev.sbr
c:\users\9200\desktop\work\p2p\pjsip\pjproject-2.3\pjproject-2.3\pjmedia\build\output\pjmedia_audiodev--win32-vc8-debug\wmme_dev.sbr
c:\users\9200\desktop\work\p2p\pjsip\pjproject-2.3\pjproject-2.3\pjmedia\build\output\pjmedia_audiodev--win32-vc8-debug\wmme_dev.obj
c:\users\9200\desktop\work\p2p\pjsip\pjproject-2.3\pjproject-2.3\pjmedia\build\output\pjmedia_audiodev--win32-vc8-debug\pa_dev.obj
c:\users\9200\desktop\work\p2p\pjsip\pjproject-2.3\pjproject-2.3\pjmedia\build\output\pjmedia_audiodev--win32-vc8-debug\null_dev.obj
c:\users\9200\desktop\work\p2p\pjsip\pjproject-2.3\pjproject-2.3\pjmedia\build\output\pjmedia_audiodev--win32-vc8-debug\legacy_dev.obj
c:\users\9200\desktop\work\p2p\pjsip\pjproject-2.3\pjproject-2.3\pjmedia\build\output\pjmedia_audiodev--win32-vc8-debug\errno.obj
c:\users\9200\desktop\work\p2p\pjsip\pjproject-2.3\pjproject-2.3\pjmedia\build\output\pjmedia_audiodev--win32-vc8-debug\bdimad_dev.obj
c:\users\9200\desktop\work\p2p\pjsip\pjproject-2.3\pjproject-2.3\pjmedia\build\output\pjmedia_audiodev--win32-vc8-debug\audiotest.obj
c:\users\9200\desktop\work\p2p\pjsip\pjproject-2.3\pjproject-2.3\pjmedia\build\output\pjmedia_audiodev--win32-vc8-debug\audiodev.obj
c:\users\9200\desktop\work\p2p\pjsip\pjproject-2.3\pjproject-2.3\pjmedia\lib\pjmedia-audiodev-i386-win32-vc8-debug.lib
c:\users\9200\desktop\work\p2p\pjsip\pjproject-2.3\pjproject-2.3\pjmedia\build\output\pjmedia_audiodev--win32-vc8-debug\pjmedia_audiodev.tlog\bscmake.command.1.tlog
c:\users\9200\desktop\work\p2p\pjsip\pjproject-2.3\pjproject-2.3\pjmedia\build\output\pjmedia_audiodev--win32-vc8-debug\pjmedia_audiodev.tlog\bscmake.read.1.tlog
c:\users\9200\desktop\work\p2p\pjsip\pjproject-2.3\pjproject-2.3\pjmedia\build\output\pjmedia_audiodev--win32-vc8-debug\pjmedia_audiodev.tlog\bscmake.write.1.tlog
c:\users\9200\desktop\work\p2p\pjsip\pjproject-2.3\pjproject-2.3\pjmedia\build\output\pjmedia_audiodev--win32-vc8-debug\pjmedia_audiodev.tlog\cl.command.1.tlog
c:\users\9200\desktop\work\p2p\pjsip\pjproject-2.3\pjproject-2.3\pjmedia\build\output\pjmedia_audiodev--win32-vc8-debug\pjmedia_audiodev.tlog\cl.read.1.tlog
c:\users\9200\desktop\work\p2p\pjsip\pjproject-2.3\pjproject-2.3\pjmedia\build\output\pjmedia_audiodev--win32-vc8-debug\pjmedia_audiodev.tlog\cl.write.1.tlog
c:\users\9200\desktop\work\p2p\pjsip\pjproject-2.3\pjproject-2.3\pjmedia\build\output\pjmedia_audiodev--win32-vc8-debug\pjmedia_audiodev.tlog\lib-link.read.1.tlog
c:\users\9200\desktop\work\p2p\pjsip\pjproject-2.3\pjproject-2.3\pjmedia\build\output\pjmedia_audiodev--win32-vc8-debug\pjmedia_audiodev.tlog\lib-link.write.1.tlog
c:\users\9200\desktop\work\p2p\pjsip\pjproject-2.3\pjproject-2.3\pjmedia\build\output\pjmedia_audiodev--win32-vc8-debug\pjmedia_audiodev.tlog\lib.command.1.tlog
