c:\users\9200\desktop\work\p2p\pjsip\pjproject-2.3\pjproject-2.3\pjsip-apps\build\output\pjsua--win32-vc8-debug\pjsua.bsc
c:\users\9200\desktop\work\p2p\pjsip\pjproject-2.3\pjproject-2.3\pjsip-apps\build\output\pjsua--win32-vc8-debug\vc120.pdb
c:\users\9200\desktop\work\p2p\pjsip\pjproject-2.3\pjproject-2.3\pjsip-apps\build\output\pjsua--win32-vc8-debug\vc120.idb
c:\users\9200\desktop\work\p2p\pjsip\pjproject-2.3\pjproject-2.3\pjsip-apps\build\output\pjsua--win32-vc8-debug\main.sbr
c:\users\9200\desktop\work\p2p\pjsip\pjproject-2.3\pjproject-2.3\pjsip-apps\build\output\pjsua--win32-vc8-debug\pjsua_app.sbr
c:\users\9200\desktop\work\p2p\pjsip\pjproject-2.3\pjproject-2.3\pjsip-apps\build\output\pjsua--win32-vc8-debug\pjsua_app_cli.sbr
c:\users\9200\desktop\work\p2p\pjsip\pjproject-2.3\pjproject-2.3\pjsip-apps\build\output\pjsua--win32-vc8-debug\pjsua_app_common.sbr
c:\users\9200\desktop\work\p2p\pjsip\pjproject-2.3\pjproject-2.3\pjsip-apps\build\output\pjsua--win32-vc8-debug\pjsua_app_config.sbr
c:\users\9200\desktop\work\p2p\pjsip\pjproject-2.3\pjproject-2.3\pjsip-apps\build\output\pjsua--win32-vc8-debug\pjsua_app_legacy.sbr
c:\users\9200\desktop\work\p2p\pjsip\pjproject-2.3\pjproject-2.3\pjsip-apps\build\output\pjsua--win32-vc8-debug\pjsua_app_legacy.obj
c:\users\9200\desktop\work\p2p\pjsip\pjproject-2.3\pjproject-2.3\pjsip-apps\build\output\pjsua--win32-vc8-debug\pjsua_app_config.obj
c:\users\9200\desktop\work\p2p\pjsip\pjproject-2.3\pjproject-2.3\pjsip-apps\build\output\pjsua--win32-vc8-debug\pjsua_app_common.obj
c:\users\9200\desktop\work\p2p\pjsip\pjproject-2.3\pjproject-2.3\pjsip-apps\build\output\pjsua--win32-vc8-debug\pjsua_app_cli.obj
c:\users\9200\desktop\work\p2p\pjsip\pjproject-2.3\pjproject-2.3\pjsip-apps\build\output\pjsua--win32-vc8-debug\pjsua_app.obj
c:\users\9200\desktop\work\p2p\pjsip\pjproject-2.3\pjproject-2.3\pjsip-apps\build\output\pjsua--win32-vc8-debug\main.obj
c:\users\9200\desktop\work\p2p\pjsip\pjproject-2.3\pjproject-2.3\pjsip-apps\bin\pjsua-i386-win32-vc8-debug.ilk
c:\users\9200\desktop\work\p2p\pjsip\pjproject-2.3\pjproject-2.3\pjsip-apps\bin\pjsua-i386-win32-vc8-debug.exe
c:\users\9200\desktop\work\p2p\pjsip\pjproject-2.3\pjproject-2.3\pjsip-apps\build\output\pjsua--win32-vc8-debug\pjsua.pdb
c:\users\9200\desktop\work\p2p\pjsip\pjproject-2.3\pjproject-2.3\pjsip-apps\build\output\pjsua--win32-vc8-debug\pjsua.tlog\bscmake.command.1.tlog
c:\users\9200\desktop\work\p2p\pjsip\pjproject-2.3\pjproject-2.3\pjsip-apps\build\output\pjsua--win32-vc8-debug\pjsua.tlog\bscmake.read.1.tlog
c:\users\9200\desktop\work\p2p\pjsip\pjproject-2.3\pjproject-2.3\pjsip-apps\build\output\pjsua--win32-vc8-debug\pjsua.tlog\bscmake.write.1.tlog
c:\users\9200\desktop\work\p2p\pjsip\pjproject-2.3\pjproject-2.3\pjsip-apps\build\output\pjsua--win32-vc8-debug\pjsua.tlog\cl.command.1.tlog
c:\users\9200\desktop\work\p2p\pjsip\pjproject-2.3\pjproject-2.3\pjsip-apps\build\output\pjsua--win32-vc8-debug\pjsua.tlog\cl.read.1.tlog
c:\users\9200\desktop\work\p2p\pjsip\pjproject-2.3\pjproject-2.3\pjsip-apps\build\output\pjsua--win32-vc8-debug\pjsua.tlog\cl.write.1.tlog
c:\users\9200\desktop\work\p2p\pjsip\pjproject-2.3\pjproject-2.3\pjsip-apps\build\output\pjsua--win32-vc8-debug\pjsua.tlog\link.command.1.tlog
c:\users\9200\desktop\work\p2p\pjsip\pjproject-2.3\pjproject-2.3\pjsip-apps\build\output\pjsua--win32-vc8-debug\pjsua.tlog\link.read.1.tlog
c:\users\9200\desktop\work\p2p\pjsip\pjproject-2.3\pjproject-2.3\pjsip-apps\build\output\pjsua--win32-vc8-debug\pjsua.tlog\link.write.1.tlog
