已經開始建置於 2015/3/5 下午 05:58:56。
     1>節點 4 (Rebuild 目標) 上的專案 "C:\Users\9200\Desktop\WORK\P2P\pjsip\pjproject-2.3\pjproject-2.3\pjsip-apps\build\samples.vcxproj"。
     1>Rebuild:
         nmake /NOLOGO /S /f Samples-vc.mak BUILD_MODE=debug VC_VER=8 ARCH=win32 /a
         auddemo.c
         aectest.c
         aviplay.c
     1>C:\Users\9200\Desktop\WORK\P2P\pjsip\pjproject-2.3\pjproject-2.3\pjmedia\include\pjmedia-codec/g7221.h : warning C4819: 檔案含有無法在目前字碼頁 (950) 中表示的字元。請以 Unicode 格式儲存檔案以防止資料遺失
         clidemo.c
         confsample.c
         confbench.c
         encdec.c
     1>C:\Users\9200\Desktop\WORK\P2P\pjsip\pjproject-2.3\pjproject-2.3\pjmedia\include\pjmedia-codec/g7221.h : warning C4819: 檔案含有無法在目前字碼頁 (950) 中表示的字元。請以 Unicode 格式儲存檔案以防止資料遺失
         httpdemo.c
         icedemo.c
         jbsim.c
     1>C:\Users\9200\Desktop\WORK\P2P\pjsip\pjproject-2.3\pjproject-2.3\pjmedia\include\pjmedia-codec/g7221.h : warning C4819: 檔案含有無法在目前字碼頁 (950) 中表示的字元。請以 Unicode 格式儲存檔案以防止資料遺失
         latency.c
         level.c
         mix.c
         pcaputil.c
     1>C:\Users\9200\Desktop\WORK\P2P\pjsip\pjproject-2.3\pjproject-2.3\pjmedia\include\pjmedia-codec/g7221.h : warning C4819: 檔案含有無法在目前字碼頁 (950) 中表示的字元。請以 Unicode 格式儲存檔案以防止資料遺失
         pjsip-perf.c
     1>C:\Users\9200\Desktop\WORK\P2P\pjsip\pjproject-2.3\pjproject-2.3\pjmedia\include\pjmedia-codec/g7221.h : warning C4819: 檔案含有無法在目前字碼頁 (950) 中表示的字元。請以 Unicode 格式儲存檔案以防止資料遺失
         playfile.c
         playsine.c
         recfile.c
         resampleplay.c
         simpleua.c
     1>C:\Users\9200\Desktop\WORK\P2P\pjsip\pjproject-2.3\pjproject-2.3\pjmedia\include\pjmedia-codec/g7221.h : warning C4819: 檔案含有無法在目前字碼頁 (950) 中表示的字元。請以 Unicode 格式儲存檔案以防止資料遺失
         simple_pjsua.c
     1>C:\Users\9200\Desktop\WORK\P2P\pjsip\pjproject-2.3\pjproject-2.3\pjmedia\include\pjmedia-codec/g7221.h : warning C4819: 檔案含有無法在目前字碼頁 (950) 中表示的字元。請以 Unicode 格式儲存檔案以防止資料遺失
         sipecho.c
         siprtp.c
     1>C:\Users\9200\Desktop\WORK\P2P\pjsip\pjproject-2.3\pjproject-2.3\pjmedia\include\pjmedia-codec/g7221.h : warning C4819: 檔案含有無法在目前字碼頁 (950) 中表示的字元。請以 Unicode 格式儲存檔案以防止資料遺失
     1>..\src\samples\siprtp.c(700): warning C4102: 'TODO___HANDLE_FORKING' : 未參考的標籤
         sipstateless.c
         stateful_proxy.c
         stateless_proxy.c
         stereotest.c
         streamutil.c
     1>C:\Users\9200\Desktop\WORK\P2P\pjsip\pjproject-2.3\pjproject-2.3\pjmedia\include\pjmedia-codec/g7221.h : warning C4819: 檔案含有無法在目前字碼頁 (950) 中表示的字元。請以 Unicode 格式儲存檔案以防止資料遺失
         strerror.c
         tonegen.c
         vid_streamutil.c
     1>C:\Users\9200\Desktop\WORK\P2P\pjsip\pjproject-2.3\pjproject-2.3\pjmedia\include\pjmedia-codec/g7221.h : warning C4819: 檔案含有無法在目前字碼頁 (950) 中表示的字元。請以 Unicode 格式儲存檔案以防止資料遺失
     1>專案 "C:\Users\9200\Desktop\WORK\P2P\pjsip\pjproject-2.3\pjproject-2.3\pjsip-apps\build\samples.vcxproj" (Rebuild 目標) 建置完成。

建置成功。

經過時間 00:00:21.69
